# ELBREAD: Elaboration process.
# ELBREAD: Elaboration time 0.6 [s].
acom -reorder -O3 -work work -2002  $dsn/src/x_to_add_tb.bde
# Compile with File Reorder...
# DRC: Checking file 'D:\Telops\FIR-00251-Output\src\SDI\Sim\X_to_Add_Sim\X_to_Add_top_level\src\x_to_add_tb.bde'.
# DRC: Warning: x_to_add_tb.bde - 0 error(s), 2 warning(s)
# DRC: DRC process completed in 1 second(s).
# DRC: The results have been written to the log file. Double click on this line to view the log.
# Generating D:\Telops\FIR-00251-Output\src\SDI\Sim\X_to_Add_Sim\X_to_Add_top_level\compile\x_to_add_tb.vhd from D:\Telops\FIR-00251-Output\src\SDI\Sim\X_to_Add_Sim\X_to_Add_top_level\src\x_to_add_tb.bde ... 
# Generation successful 
# Warning: DAGGEN_0523: The source is compiled without the -dbg switch. Line breakpoints and assertion debug will not be available.
# File: .\x_to_add_tb.vhd
# Compile Entity "x_to_add_tb"
# Compile Architecture "x_to_add_tb" of Entity "x_to_add_tb"
# Top-level unit(s) detected:
# Entity => x_to_add_tb
# Compile success 0 Errors 0 Warnings  Analysis time :  0.1 [s]
# ELBREAD: Elaboration process.
# ELBREAD: Elaboration time 0.3 [s].
asim -O5 +access +r +m+x_to_add_tb x_to_add_tb x_to_add_tb
# ELBREAD: Elaboration process.
# ELBREAD: Elaboration time 0.3 [s].
# asim: Stack memory: 32MB
# asim: Retval memory: 32MB
# KERNEL: Main thread initiated.
# KERNEL: Kernel process initialization phase.
# KERNEL: Time resolution set to 1ps.
# ELAB2: Elaboration final pass...
# ELAB2: Create instances ...
# ELAB2: Create instances complete.
# SLP: Started
# SLP: Elaboration phase ...
# SLP: Elaboration phase ... skipped, nothing to simulate in SLP mode : 0.0 [s]
# SLP: Finished : 0.0 [s]
# ELAB2: Elaboration final pass complete - time: 0.5 [s].
# KERNEL: Kernel process initialization done.
# Allocation: Simulator allocated 22382 kB (elbread=7254 elab2=14332 kernel=795 sdf=0)
# KERNEL: ASDB file was created in location D:\Telops\FIR-00251-Output\src\SDI\Sim\X_to_Add_Sim\X_to_Add_top_level\src\wave.asdb
#  14:16, 9 mars 2015
#  Simulation has been initialized
#  Selected Top-Level: x_to_add_tb (x_to_add_tb)
do ".\waveform.do"
onerror { resume }
transcript off
# 31 signal(s) traced.
# Waveform file 'untitled.awc' connected to 'D:/Telops/FIR-00251-Output/src/SDI/Sim/X_to_Add_Sim/X_to_Add_top_level/src/wave.asdb'.
# 10 signal(s) traced.
run 100 ns
# KERNEL: WARNING: There is an 'U'|'X'|'W'|'Z'|'-' in an arithmetic operand, the result will be 'X'(es).
# KERNEL: Time: 0 ps,  Iteration: 0,  Instance: /x_to_add_tb/U1/U2,  Process: line__161.
# KERNEL: WARNING: There is an 'U'|'X'|'W'|'Z'|'-' in an arithmetic operand, the result will be 'X'(es).
# KERNEL: Time: 0 ps,  Iteration: 0,  Instance: /x_to_add_tb/U1/U2,  Process: line__161.
# KERNEL: WARNING: There is an 'U'|'X'|'W'|'Z'|'-' in an arithmetic operand, the result will be 'X'(es).
# KERNEL: Time: 0 ps,  Iteration: 0,  Instance: /x_to_add_tb/U1/U2,  Process: line__195.
# KERNEL: WARNING: NUMERIC_STD.TO_INTEGER: metavalue detected, returning 0
# KERNEL: Time: 0 ps,  Iteration: 0,  Instance: /x_to_add_tb/U1/U2/U3/unsigned_case,  Process: line__66.
# KERNEL: WARNING: NUMERIC_STD.TO_INTEGER: metavalue detected, returning 0
# KERNEL: Time: 0 ps,  Iteration: 0,  Instance: /x_to_add_tb/U1/U2/U4/unsigned_case,  Process: line__67.
# KERNEL: WARNING: NUMERIC_STD.TO_INTEGER: metavalue detected, returning 0
# KERNEL: Time: 0 ps,  Iteration: 0,  Instance: /x_to_add_tb/U1/U2/U6/a_unsigned_case,  Process: line__103.
# KERNEL: WARNING: NUMERIC_STD.TO_INTEGER: metavalue detected, returning 0
# KERNEL: Time: 0 ps,  Iteration: 0,  Instance: /x_to_add_tb/U1/U2/U6/b_unsigned_case,  Process: line__113.
# KERNEL: WARNING: NUMERIC_STD.TO_INTEGER: metavalue detected, returning 0
# KERNEL: Time: 0 ps,  Iteration: 0,  Instance: /x_to_add_tb/U1/U2/U8/unsigned_case,  Process: line__67.
# KERNEL: WARNING: There is an 'U'|'X'|'W'|'Z'|'-' in an arithmetic operand, the result will be 'X'(es).
# KERNEL: Time: 0 ps,  Iteration: 1,  Instance: /x_to_add_tb/U1/U2,  Process: line__195.
# KERNEL: WARNING: NUMERIC_STD.TO_INTEGER: metavalue detected, returning 0
# KERNEL: Time: 0 ps,  Iteration: 1,  Instance: /x_to_add_tb/U1/U2/U6/a_unsigned_case,  Process: line__103.
# KERNEL: WARNING: NUMERIC_STD.TO_INTEGER: metavalue detected, returning 0
# KERNEL: Time: 0 ps,  Iteration: 1,  Instance: /x_to_add_tb/U1/U2/U3/unsigned_case,  Process: line__66.
# KERNEL: stopped at time: 100 ns
run 1000 ns
# EXECUTION:: NOTE   : FCR written
# EXECUTION:: Time: 675 ns,  Iteration: 1,  Instance: /x_to_add_tb/U2,  Process: ublaze_stim.
# EXECUTION:: ERROR  : END OF SIMULATION
# EXECUTION:: Time: 675 ns,  Iteration: 1,  Instance: /x_to_add_tb/U2,  Process: ublaze_stim.
# KERNEL: stopped at time: 1100 ns
run 1000 ns
# KERNEL: stopped at time: 2100 ns
run 1000 ns
# KERNEL: stopped at time: 3100 ns
#  Simulation has been stopped
